
Showing logs for build [32mcb-kubecd-environment-pr-203-21-r78rd-1[0m stage [32mfrom-build-pack[0m and container [32mstep-credential-initializer-ljgwc[0m
{"level":"info","ts":1587083875.1021237,"logger":"fallback-logger","caller":"logging/config.go:69","msg":"Fetch GitHub commit ID from kodata failed: open /var/run/ko/refs/heads/0.8.0-ns-support: no such file or directory"}
{"level":"info","ts":1587083875.1027055,"logger":"fallback-logger","caller":"creds-init/main.go:40","msg":"Credentials initialized."}

Showing logs for build [32mcb-kubecd-environment-pr-203-21-r78rd-1[0m stage [32mfrom-build-pack[0m and container [32mstep-working-dir-initializer-l26f8[0m
{"level":"info","ts":1587083875.7099035,"logger":"fallback-logger","caller":"logging/config.go:69","msg":"Fetch GitHub commit ID from kodata failed: open /var/run/ko/HEAD: no such file or directory"}
{"level":"info","ts":1587083875.7114084,"logger":"fallback-logger","caller":"bash/main.go:64","msg":"Successfully executed command \"sh -c mkdir -p /workspace/source\"; output "}

Showing logs for build [32mcb-kubecd-environment-pr-203-21-r78rd-1[0m stage [32mfrom-build-pack[0m and container [32mstep-place-tools[0m

Showing logs for build [32mcb-kubecd-environment-pr-203-21-r78rd-1[0m stage [32mfrom-build-pack[0m and container [32mstep-git-source-cb-kubecd-environment-pr-203-21-r78rd-62zdd[0m
{"level":"info","ts":1587083881.8233032,"logger":"fallback-logger","caller":"logging/config.go:69","msg":"Fetch GitHub commit ID from kodata failed: open /var/run/ko/refs/heads/0.8.0-ns-support: no such file or directory"}
{"level":"info","ts":1587083882.8875723,"logger":"fallback-logger","caller":"git/git.go:103","msg":"Successfully cloned https://github.com/cb-kubecd/environment-pr-203-21-boot-gke-production.git @ master in path /workspace/source"}

Showing logs for build [32mcb-kubecd-environment-pr-203-21-r78rd-1[0m stage [32mfrom-build-pack[0m and container [32mstep-git-merge[0m
Using SHAs from PULL_REFS=master:5131a21c1eb5345e0ba43e6aef240aa8aa9a7c84,1:eeb0c42f923d28953ab8d0e6794bac9def8426be
DEBUG: LC_ALL=C JX_LOG_LEVEL=error git fetch origin --unshallow eeb0c42f923d28953ab8d0e6794bac9def8426be: 5131a21c1eb5345e0ba43e6aef240aa8aa9a7c84:
DEBUG: ran git fetch --unshallow origin eeb0c42f923d28953ab8d0e6794bac9def8426be: 5131a21c1eb5345e0ba43e6aef240aa8aa9a7c84: in 
DEBUG: JX_LOG_LEVEL=error LC_ALL=C git branch
DEBUG: LC_ALL=C JX_LOG_LEVEL=error git checkout master
DEBUG: ran git checkout master in 
DEBUG: LC_ALL=C JX_LOG_LEVEL=error git reset --hard 5131a21c1eb5345e0ba43e6aef240aa8aa9a7c84
DEBUG: ran git reset --hard 5131a21c1eb5345e0ba43e6aef240aa8aa9a7c84 in 
DEBUG: LC_ALL=C JX_LOG_LEVEL=error git clean -fd .
DEBUG: ran clean --force -d . in 
DEBUG: LC_ALL=C JX_LOG_LEVEL=error git merge eeb0c42f923d28953ab8d0e6794bac9def8426be
DEBUG: ran git merge eeb0c42f923d28953ab8d0e6794bac9def8426be in 
DEBUG: LC_ALL=C JX_LOG_LEVEL=error git log --format=%H%x1f%an%x1f%ae%x1f%cn%x1f%ce%x1f%s%n%b%x1e 5131a21c1eb5345e0ba43e6aef240aa8aa9a7c84..HEAD
Merged SHA eeb0c42f923d28953ab8d0e6794bac9def8426be with commit message 'chore: Promote bdd-spring-1587082943 to version 0.0.1' into base branch master

Showing logs for build [32mcb-kubecd-environment-pr-203-21-r78rd-1[0m stage [32mfrom-build-pack[0m and container [32mstep-build-helm-build[0m
WARNING: No $CHART_REPOSITORY defined so using the default value of: http://jenkins-x-chartmuseum:8080
Adding missing Helm repo: storage.googleapis.com https://storage.googleapis.com/chartmuseum.jenkins-x.io
WARNING: No secrets found on "helm/repos" due: reading the secret "helm/repos" from vault: no secret "helm/repos" not found in vault
Read credentials for https://storage.googleapis.com/chartmuseum.jenkins-x.io from vault helm/repos
Successfully added Helm repository storage.googleapis.com.
Adding missing Helm repo: jenkins-x-chartmuseum http://jenkins-x-chartmuseum:8080
WARNING: No secrets found on "helm/repos" due: reading the secret "helm/repos" from vault: no secret "helm/repos" not found in vault
Read credentials for http://jenkins-x-chartmuseum:8080 from vault helm/repos
Successfully added Helm repository jenkins-x-chartmuseum.
WARNING: No $CHART_REPOSITORY defined so using the default value of: http://jenkins-x-chartmuseum:8080
Adding missing Helm repo: chartmuseum.jenkins-x.io http://chartmuseum.jenkins-x.io
WARNING: No secrets found on "helm/repos" due: reading the secret "helm/repos" from vault: no secret "helm/repos" not found in vault
Read credentials for http://chartmuseum.jenkins-x.io from vault helm/repos
Successfully added Helm repository chartmuseum.jenkins-x.io.
